
⏰ 加载时间策略配置：
   每日总运行：14.0h（±0.5h随机）| 单次连续：6.0h
   小休息范围：5-30分钟 | 大休息：7.0h（±0.5h随机）
✅ 满户数量已设置为：100（范围1-150）
✅ 达标重量倍数已设置为：0.0倍（标准值×0.0）

📝 加载钓鱼配置：等待鱼饵落水4.00s | 卷线0.100s | 停歇1.000s
✅ 服务器类型：独立端 | 登录按钮：login_button.png
⏳ 重登等待时间：37.0s

✅ RF4钓鱼脚本启动成功！
🤖 模拟人类操作、日志持久化已开启 | 快捷键：Ctrl+P/R暂停/继续，Ctrl+Q结束

🍚 自动进食启动（250-300秒/次，按4键）========================================
👀 模拟转动视角【随机偏移】：水平1px | 垂直0px（已记录1/2次）


⌨️  快捷键：Ctrl+P暂停 | Ctrl+R继续 | Ctrl+Q结束
⏳ 3秒后开始模板侦测...
✅ 开始模板侦测，脚本正常运行！
========================================

🎣 侦测到钓具准备好，执行抛竿...
❌ 未找到RF4游戏窗口，请确认游戏已启动
❌ 抛竿失败：'NoneType' object has no attribute 'lower'
❌ 未找到RF4游戏窗口，请确认游戏已启动
❌ 未找到RF4游戏窗口，请确认游戏已启动

⏰ 加载时间策略配置：
   每日总运行：14.0h（±0.5h随机）| 单次连续：6.0h
   小休息范围：5-30分钟 | 大休息：7.0h（±0.5h随机）
✅ 满户数量已设置为：100（范围1-150）
✅ 达标重量倍数已设置为：0.0倍（标准值×0.0）

📝 加载钓鱼配置：等待鱼饵落水4.00s | 卷线0.100s | 停歇1.000s
✅ 服务器类型：独立端 | 登录按钮：login_button.png
⏳ 重登等待时间：37.0s

✅ RF4钓鱼脚本启动成功！
🤖 模拟人类操作、日志持久化已开启 | 快捷键：Ctrl+P/R暂停/继续，Ctrl+Q结束

🍚 自动进食启动（250-300秒/次，按4键）
👀 模拟转动视角【随机偏移】：水平-1px | 垂直0px（已记录1/2次）========================================


⌨️  快捷键：Ctrl+P暂停 | Ctrl+R继续 | Ctrl+Q结束
⏳ 3秒后开始模板侦测...
✅ 开始模板侦测，脚本正常运行！
========================================

🎣 侦测到钓具准备好，执行抛竿...
❌ 抛竿失败：'NoneType' object has no attribute 'lower'

========================================
📊 鱼获统计汇总
========================================
🕒 总运行：00:00:18 | 今日累计：00:00:18 | AI过滤倍数：0.0倍
🐟 总上鱼：0条 | 达标入户：0条 | 放生：0条
⭐ 上星鱼：0条 | 💙 上蓝鱼：0条
========================================
🛑 脚本已停止，所有线程回收完成！

⏰ 加载时间策略配置：
   每日总运行：14.0h（±0.5h随机）| 单次连续：6.0h
   小休息范围：5-30分钟 | 大休息：7.0h（±0.5h随机）
✅ 满户数量已设置为：100（范围1-150）
✅ 达标重量倍数已设置为：0.0倍（标准值×0.0）

📝 加载钓鱼配置：等待鱼饵落水4.00s | 卷线0.100s | 停歇1.000s
✅ 服务器类型：独立端 | 登录按钮：login_button.png
⏳ 重登等待时间：37.0s

✅ RF4钓鱼脚本启动成功！
🤖 模拟人类操作、日志持久化已开启 | 快捷键：Ctrl+P/R暂停/继续，Ctrl+Q结束
========================================
🍚 自动进食启动（250-300秒/次，按4键）
👀 模拟转动视角【随机偏移】：水平-1px | 垂直0px（已记录1/2次）


⌨️  快捷键：Ctrl+P暂停 | Ctrl+R继续 | Ctrl+Q结束
⏳ 3秒后开始模板侦测...
✅ 开始模板侦测，脚本正常运行！
========================================

🎣 侦测到钓具准备好，执行抛竿...
❌ 抛竿失败：'NoneType' object has no attribute 'lower'
Traceback (most recent call last):
  File "C:\Users\Administrator\PycharmProjects\rf_hook\rf4_fishing_gui.py", line 750, in _fast_cast_rod_action
    iu.key_down(SHIFT_KEY)
  File "C:\Users\Administrator\PycharmProjects\rf_hook\input_utils.py", line 240, in key_down
    key_code = get_key_code(key)
  File "C:\Users\Administrator\PycharmProjects\rf_hook\input_utils.py", line 276, in get_key_code
    key_lower = None.lower()
AttributeError: 'NoneType' object has no attribute 'lower'


========================================
📊 鱼获统计汇总
========================================
🕒 总运行：00:00:10 | 今日累计：00:00:10 | AI过滤倍数：0.0倍
🐟 总上鱼：0条 | 达标入户：0条 | 放生：0条
⭐ 上星鱼：0条 | 💙 上蓝鱼：0条
========================================
🛑 脚本已停止，所有线程回收完成！

⏰ 加载时间策略配置：
   每日总运行：14.0h（±0.5h随机）| 单次连续：6.0h
   小休息范围：5-30分钟 | 大休息：7.0h（±0.5h随机）
✅ 满户数量已设置为：100（范围1-150）
✅ 达标重量倍数已设置为：0.0倍（标准值×0.0）

📝 加载钓鱼配置：等待鱼饵落水4.00s | 卷线0.100s | 停歇1.000s
✅ 服务器类型：独立端 | 登录按钮：login_button.png
⏳ 重登等待时间：37.0s

✅ RF4钓鱼脚本启动成功！
🤖 模拟人类操作、日志持久化已开启 | 快捷键：Ctrl+P/R暂停/继续，Ctrl+Q结束

🍚 自动进食启动（250-300秒/次，按4键）
👀 模拟转动视角【随机偏移】：水平-1px | 垂直0px（已记录1/2次）========================================


⌨️  快捷键：Ctrl+P暂停 | Ctrl+R继续 | Ctrl+Q结束
⏳ 3秒后开始模板侦测...
✅ 开始模板侦测，脚本正常运行！
========================================

🎣 侦测到钓具准备好，执行抛竿...
❌ 抛竿失败：ord() expected a character, but string of length 5 found
Traceback (most recent call last):
  File "C:\Users\Administrator\PycharmProjects\rf_hook\rf4_fishing_gui.py", line 750, in _fast_cast_rod_action
    iu.key_down(SHIFT_KEY)
  File "C:\Users\Administrator\PycharmProjects\rf_hook\input_utils.py", line 240, in key_down
    key_code = get_key_code(key)
  File "C:\Users\Administrator\PycharmProjects\rf_hook\input_utils.py", line 283, in get_key_code
    return ord(key_lower.upper())
TypeError: ord() expected a character, but string of length 5 found


========================================
📊 鱼获统计汇总
========================================
🕒 总运行：00:00:10 | 今日累计：00:00:10 | AI过滤倍数：0.0倍
🐟 总上鱼：0条 | 达标入户：0条 | 放生：0条
⭐ 上星鱼：0条 | 💙 上蓝鱼：0条
========================================
🛑 脚本已停止，所有线程回收完成！

⏰ 加载时间策略配置：
   每日总运行：14.0h（±0.5h随机）| 单次连续：6.0h
   小休息范围：5-30分钟 | 大休息：7.0h（±0.5h随机）
✅ 满户数量已设置为：100（范围1-150）
✅ 达标重量倍数已设置为：0.0倍（标准值×0.0）

📝 加载钓鱼配置：等待鱼饵落水4.00s | 卷线0.100s | 停歇1.000s
✅ 服务器类型：独立端 | 登录按钮：login_button.png
⏳ 重登等待时间：37.0s

✅ RF4钓鱼脚本启动成功！
🤖 模拟人类操作、日志持久化已开启 | 快捷键：Ctrl+P/R暂停/继续，Ctrl+Q结束

🍚 自动进食启动（250-300秒/次，按4键）========================================
👀 模拟转动视角【随机偏移】：水平-1px | 垂直0px（已记录1/2次）


⌨️  快捷键：Ctrl+P暂停 | Ctrl+R继续 | Ctrl+Q结束
⏳ 3秒后开始模板侦测...
✅ 开始模板侦测，脚本正常运行！
========================================

🎣 侦测到钓具准备好，执行抛竿...
❌ 抛竿失败：'NoneType' object has no attribute 'keybd_event'
Traceback (most recent call last):
  File "C:\Users\Administrator\PycharmProjects\rf_hook\rf4_fishing_gui.py", line 750, in _fast_cast_rod_action
    iu.key_down(SHIFT_KEY)
  File "C:\Users\Administrator\PycharmProjects\rf_hook\input_utils.py", line 244, in key_down
    None.keybd_event(key_code, 0, 0, 0)
AttributeError: 'NoneType' object has no attribute 'keybd_event'

⏸️  脚本已暂停

========================================
📊 鱼获统计汇总
========================================
🕒 总运行：00:00:09 | 今日累计：00:00:09 | AI过滤倍数：0.0倍
🐟 总上鱼：0条 | 达标入户：0条 | 放生：0条
⭐ 上星鱼：0条 | 💙 上蓝鱼：0条
========================================
🛑 脚本已停止，所有线程回收完成！

⏰ 加载时间策略配置：
   每日总运行：14.0h（±0.5h随机）| 单次连续：6.0h
   小休息范围：5-30分钟 | 大休息：7.0h（±0.5h随机）
✅ 满户数量已设置为：100（范围1-150）
✅ 达标重量倍数已设置为：0.0倍（标准值×0.0）

📝 加载钓鱼配置：等待鱼饵落水4.00s | 卷线0.100s | 停歇1.000s
✅ 服务器类型：独立端 | 登录按钮：login_button.png
⏳ 重登等待时间：37.0s

✅ RF4钓鱼脚本启动成功！
🤖 模拟人类操作、日志持久化已开启 | 快捷键：Ctrl+P/R暂停/继续，Ctrl+Q结束

🍚 自动进食启动（250-300秒/次，按4键）
👀 模拟转动视角【随机偏移】：水平1px | 垂直0px（已记录1/2次）========================================


⌨️  快捷键：Ctrl+P暂停 | Ctrl+R继续 | Ctrl+Q结束
⏳ 3秒后开始模板侦测...
✅ 开始模板侦测，脚本正常运行！
========================================

🎣 侦测到钓具准备好，执行抛竿...
❌ 抛竿失败：unsupported operand type(s) for -: 'tuple' and 'float'
Traceback (most recent call last):
  File "C:\Users\Administrator\PycharmProjects\rf_hook\rf4_fishing_gui.py", line 753, in _fast_cast_rod_action
    iu.random_sleep(iu.randomize_value(CAST_HOLD_TIME))
  File "C:\Users\Administrator\PycharmProjects\rf_hook\input_utils.py", line 74, in random_sleep
    time.sleep(random.uniform(min_seconds, max_seconds))
  File "C:\Users\Administrator\AppData\Local\Programs\Python\Python39\lib\random.py", line 513, in uniform
    return a + (b - a) * self.random()
TypeError: unsupported operand type(s) for -: 'tuple' and 'float'


========================================
📊 鱼获统计汇总
========================================
🕒 总运行：00:00:09 | 今日累计：00:00:08 | AI过滤倍数：0.0倍
🐟 总上鱼：0条 | 达标入户：0条 | 放生：0条
⭐ 上星鱼：0条 | 💙 上蓝鱼：0条
========================================
🛑 脚本已停止，所有线程回收完成！

⏰ 加载时间策略配置：
   每日总运行：14.0h（±0.5h随机）| 单次连续：6.0h
   小休息范围：5-30分钟 | 大休息：7.0h（±0.5h随机）
✅ 满户数量已设置为：100（范围1-150）
✅ 达标重量倍数已设置为：0.0倍（标准值×0.0）

📝 加载钓鱼配置：等待鱼饵落水4.00s | 卷线0.100s | 停歇1.000s
✅ 服务器类型：独立端 | 登录按钮：login_button.png
⏳ 重登等待时间：37.0s

✅ RF4钓鱼脚本启动成功！
🤖 模拟人类操作、日志持久化已开启 | 快捷键：Ctrl+P/R暂停/继续，Ctrl+Q结束

🍚 自动进食启动（250-300秒/次，按4键）========================================
👀 模拟转动视角【随机偏移】：水平1px | 垂直0px（已记录1/2次）


⌨️  快捷键：Ctrl+P暂停 | Ctrl+R继续 | Ctrl+Q结束
⏳ 3秒后开始模板侦测...
✅ 开始模板侦测，脚本正常运行！
========================================

🎣 侦测到钓具准备好，执行抛竿...
❌ 抛竿失败：input_utils.random_sleep() argument after * must be an iterable, not float
Traceback (most recent call last):
  File "C:\Users\Administrator\PycharmProjects\rf_hook\rf4_fishing_gui.py", line 753, in _fast_cast_rod_action
    iu.random_sleep(*iu.randomize_value(CAST_HOLD_TIME))
TypeError: input_utils.random_sleep() argument after * must be an iterable, not float


⏰ 加载时间策略配置：
   每日总运行：14.0h（±0.5h随机）| 单次连续：6.0h
   小休息范围：5-30分钟 | 大休息：7.0h（±0.5h随机）
✅ 满户数量已设置为：100（范围1-150）
✅ 达标重量倍数已设置为：0.0倍（标准值×0.0）

📝 加载钓鱼配置：等待鱼饵落水4.00s | 卷线0.100s | 停歇1.000s
✅ 服务器类型：独立端 | 登录按钮：login_button.png
⏳ 重登等待时间：37.0s

✅ RF4钓鱼脚本启动成功！
🤖 模拟人类操作、日志持久化已开启 | 快捷键：Ctrl+P/R暂停/继续，Ctrl+Q结束
========================================
🍚 自动进食启动（250-300秒/次，按4键）
👀 模拟转动视角【随机偏移】：水平1px | 垂直0px（已记录1/2次）


⌨️  快捷键：Ctrl+P暂停 | Ctrl+R继续 | Ctrl+Q结束
⏳ 3秒后开始模板侦测...
✅ 开始模板侦测，脚本正常运行！
========================================

🎣 侦测到钓具准备好，执行抛竿...
❌ 抛竿失败：input_utils.random_sleep() argument after * must be an iterable, not float
Traceback (most recent call last):
  File "C:\Users\Administrator\PycharmProjects\rf_hook\rf4_fishing_gui.py", line 753, in _fast_cast_rod_action
    iu.random_sleep(*iu.randomize_value(CAST_HOLD_TIME))
TypeError: input_utils.random_sleep() argument after * must be an iterable, not float


⏰ 加载时间策略配置：
   每日总运行：14.0h（±0.5h随机）| 单次连续：6.0h
   小休息范围：5-30分钟 | 大休息：7.0h（±0.5h随机）
✅ 满户数量已设置为：100（范围1-150）
✅ 达标重量倍数已设置为：0.0倍（标准值×0.0）

📝 加载钓鱼配置：等待鱼饵落水4.00s | 卷线0.100s | 停歇1.000s
✅ 服务器类型：独立端 | 登录按钮：login_button.png
⏳ 重登等待时间：37.0s

✅ RF4钓鱼脚本启动成功！
🤖 模拟人类操作、日志持久化已开启 | 快捷键：Ctrl+P/R暂停/继续，Ctrl+Q结束
========================================
🍚 自动进食启动（250-300秒/次，按4键）
👀 模拟转动视角【随机偏移】：水平1px | 垂直0px（已记录1/2次）


⌨️  快捷键：Ctrl+P暂停 | Ctrl+R继续 | Ctrl+Q结束
⏳ 3秒后开始模板侦测...
✅ 开始模板侦测，脚本正常运行！
========================================

🎣 侦测到钓具准备好，执行抛竿...
✅ 抛竿成功，等待4.00秒...

👀 模拟转动视角【随机偏移】：水平-1px | 垂直0px（已记录2/2次）

📏 视角偏移已记录2次，下次开始精准回正！

🎯 视角精准回正：水平-1px | 垂直0px（剩余1次）
🐟 侦测到中鱼，快速收线+抬竿...

🎣 侦测到鱼上钩，倍率0跳过AI判断，强制入户（节省Token）...
✅ 【入户】中鱼强制入户 | 未知鱼 | 未知kg | 渔户1/100

❌ 脚本运行异常：'NoneType' object has no attribute 'keybd_event'
Traceback (most recent call last):
  File "C:\Users\Administrator\PycharmProjects\rf_hook\rf4_fishing_gui.py", line 1142, in _real_time_main_loop
    self._fish_enter_house_action('中鱼强制入户', '未知鱼', 0.0)
  File "C:\Users\Administrator\PycharmProjects\rf_hook\rf4_fishing_gui.py", line 880, in _fish_enter_house_action
    iu.key_press(SPACE_KEY)
  File "C:\Users\Administrator\PycharmProjects\rf_hook\input_utils.py", line 234, in key_press
    None.keybd_event(key_code, 0, 0, 0)
AttributeError: 'NoneType' object has no attribute 'keybd_event'


========================================
📊 鱼获统计汇总
========================================
🕒 总运行：00:00:57 | 今日累计：00:00:56 | AI过滤倍数：0.0倍
🐟 总上鱼：1条 | 达标入户：0条 | 放生：0条
⭐ 上星鱼：0条 | 💙 上蓝鱼：0条
📈 达标率：0.00% | 放生率：0.00%
========================================

========================================
📊 鱼获统计汇总
========================================
🕒 总运行：00:00:57 | 今日累计：00:00:56 | AI过滤倍数：0.0倍
🐟 总上鱼：1条 | 达标入户：0条 | 放生：0条
⭐ 上星鱼：0条 | 💙 上蓝鱼：0条
📈 达标率：0.00% | 放生率：0.00%
========================================
🛑 脚本已停止，所有线程回收完成！

⏰ 加载时间策略配置：
   每日总运行：14.0h（±0.5h随机）| 单次连续：6.0h
   小休息范围：5-30分钟 | 大休息：7.0h（±0.5h随机）
✅ 满户数量已设置为：100（范围1-150）
✅ 达标重量倍数已设置为：0.0倍（标准值×0.0）

📝 加载钓鱼配置：等待鱼饵落水4.00s | 卷线0.100s | 停歇1.000s
✅ 服务器类型：独立端 | 登录按钮：login_button.png
⏳ 重登等待时间：37.0s

✅ RF4钓鱼脚本启动成功！
🤖 模拟人类操作、日志持久化已开启 | 快捷键：Ctrl+P/R暂停/继续，Ctrl+Q结束

🍚 自动进食启动（250-300秒/次，按4键）========================================
👀 模拟转动视角【随机偏移】：水平-1px | 垂直0px（已记录1/2次）


⌨️  快捷键：Ctrl+P暂停 | Ctrl+R继续 | Ctrl+Q结束
⏳ 3秒后开始模板侦测...
✅ 开始模板侦测，脚本正常运行！
========================================

🎣 侦测到钓具准备好，执行抛竿...
✅ 抛竿成功，等待4.00秒...
🐟 侦测到中鱼，快速收线+抬竿...

👀 模拟转动视角【随机偏移】：水平-1px | 垂直0px（已记录2/2次）

📏 视角偏移已记录2次，下次开始精准回正！

🎣 侦测到鱼上钩，倍率0跳过AI判断，强制入户（节省Token）...
✅ 【入户】中鱼强制入户 | 未知鱼 | 未知kg | 渔户1/100

❌ 脚本运行异常：can't multiply sequence by non-int of type 'float'
Traceback (most recent call last):
  File "C:\Users\Administrator\PycharmProjects\rf_hook\rf4_fishing_gui.py", line 1142, in _real_time_main_loop
    self._fish_enter_house_action('中鱼强制入户', '未知鱼', 0.0)
  File "C:\Users\Administrator\PycharmProjects\rf_hook\rf4_fishing_gui.py", line 880, in _fish_enter_house_action
    iu.key_press(SPACE_KEY)
  File "C:\Users\Administrator\PycharmProjects\rf_hook\input_utils.py", line 238, in key_press
    hold_time = press_duration * random.uniform(0.8, 1.2)
TypeError: can't multiply sequence by non-int of type 'float'


========================================
📊 鱼获统计汇总
========================================
🕒 总运行：00:00:32 | 今日累计：00:00:32 | AI过滤倍数：0.0倍
🐟 总上鱼：1条 | 达标入户：0条 | 放生：0条
⭐ 上星鱼：0条 | 💙 上蓝鱼：0条
📈 达标率：0.00% | 放生率：0.00%
========================================

========================================
📊 鱼获统计汇总
========================================
🕒 总运行：00:00:33 | 今日累计：00:00:32 | AI过滤倍数：0.0倍
🐟 总上鱼：1条 | 达标入户：0条 | 放生：0条
⭐ 上星鱼：0条 | 💙 上蓝鱼：0条
📈 达标率：0.00% | 放生率：0.00%
========================================
🛑 脚本已停止，所有线程回收完成！

⏰ 加载时间策略配置：
   每日总运行：14.0h（±0.5h随机）| 单次连续：6.0h
   小休息范围：5-30分钟 | 大休息：7.0h（±0.5h随机）
✅ 满户数量已设置为：100（范围1-150）
✅ 达标重量倍数已设置为：0.0倍（标准值×0.0）

📝 加载钓鱼配置：等待鱼饵落水4.00s | 卷线0.100s | 停歇1.000s
✅ 服务器类型：独立端 | 登录按钮：login_button.png
⏳ 重登等待时间：37.0s

✅ RF4钓鱼脚本启动成功！
🤖 模拟人类操作、日志持久化已开启 | 快捷键：Ctrl+P/R暂停/继续，Ctrl+Q结束

🍚 自动进食启动（250-300秒/次，按4键）
👀 模拟转动视角【随机偏移】：水平1px | 垂直0px（已记录1/2次）========================================


⌨️  快捷键：Ctrl+P暂停 | Ctrl+R继续 | Ctrl+Q结束
⏳ 3秒后开始模板侦测...
✅ 开始模板侦测，脚本正常运行！
========================================

🎣 侦测到钓具准备好，执行抛竿...
✅ 抛竿成功，等待4.00秒...

👀 模拟转动视角【随机偏移】：水平-1px | 垂直0px（已记录2/2次）

📏 视角偏移已记录2次，下次开始精准回正！

🎣 侦测到钓具准备好，执行抛竿...
✅ 抛竿成功，等待4.00秒...

🎯 视角精准回正：水平-1px | 垂直0px（剩余1次）

🎣 侦测到钓具准备好，执行抛竿...
✅ 抛竿成功，等待4.00秒...

🎯 视角精准回正：水平1px | 垂直0px（剩余0次）

✅ 视角所有偏移已回正，恢复随机偏移模式！

🎣 侦测到钓具准备好，执行抛竿...
✅ 抛竿成功，等待4.00秒...

👀 模拟转动视角【随机偏移】：水平1px | 垂直0px（已记录1/2次）

👀 模拟转动视角【随机偏移】：水平1px | 垂直0px（已记录2/2次）

📏 视角偏移已记录2次，下次开始精准回正！

🎣 侦测到钓具准备好，执行抛竿...
✅ 抛竿成功，等待4.00秒...

🎯 视角精准回正：水平-1px | 垂直0px（剩余1次）
🐟 侦测到中鱼，快速收线+抬竿...

🎯 视角精准回正：水平-1px | 垂直0px（剩余0次）

✅ 视角所有偏移已回正，恢复随机偏移模式！

🎣 侦测到鱼上钩，倍率0跳过AI判断，强制入户（节省Token）...
✅ 【入户】中鱼强制入户 | 未知鱼 | 未知kg | 渔户1/100
⏳ 入户后等待1.75秒...
⏳ 入户完成，额外等待0.78秒后再侦测ready模板...

🎣 侦测到鱼上钩，倍率0跳过AI判断，强制入户（节省Token）...
✅ 【入户】中鱼强制入户 | 未知鱼 | 未知kg | 渔户2/100
⏳ 入户后等待2.57秒...
⏳ 入户完成，额外等待0.60秒后再侦测ready模板...

🎣 侦测到鱼上钩，倍率0跳过AI判断，强制入户（节省Token）...
✅ 【入户】中鱼强制入户 | 未知鱼 | 未知kg | 渔户3/100
⏳ 入户后等待1.88秒...
⏳ 入户完成，额外等待0.82秒后再侦测ready模板...

🎣 侦测到鱼上钩，倍率0跳过AI判断，强制入户（节省Token）...
✅ 【入户】中鱼强制入户 | 未知鱼 | 未知kg | 渔户4/100
⏳ 入户后等待2.34秒...

👀 模拟转动视角【随机偏移】：水平-1px | 垂直0px（已记录1/2次）
⏳ 入户完成，额外等待0.62秒后再侦测ready模板...

🎣 侦测到鱼上钩，倍率0跳过AI判断，强制入户（节省Token）...
✅ 【入户】中鱼强制入户 | 未知鱼 | 未知kg | 渔户5/100
⏳ 入户后等待2.30秒...

⏰ 加载时间策略配置：
   每日总运行：14.0h（±0.5h随机）| 单次连续：6.0h
   小休息范围：5-30分钟 | 大休息：7.0h（±0.5h随机）
✅ 满户数量已设置为：100（范围1-150）
✅ 达标重量倍数已设置为：0.0倍（标准值×0.0）

📝 加载钓鱼配置：等待鱼饵落水4.00s | 卷线0.100s | 停歇1.000s
✅ 服务器类型：独立端 | 登录按钮：login_button.png
⏳ 重登等待时间：37.0s

✅ RF4钓鱼脚本启动成功！
🤖 模拟人类操作、日志持久化已开启 | 快捷键：Ctrl+P/R暂停/继续，Ctrl+Q结束

🍚 自动进食启动（250-300秒/次，按4键）========================================
👀 模拟转动视角【随机偏移】：水平1px | 垂直0px（已记录1/2次）


⌨️  快捷键：Ctrl+P暂停 | Ctrl+R继续 | Ctrl+Q结束
⏳ 3秒后开始模板侦测...
✅ 开始模板侦测，脚本正常运行！
========================================

🎣 侦测到钓具准备好，执行抛竿...
✅ 抛竿成功，等待4.00秒...
🐟 侦测到中鱼，快速收线+抬竿...

👀 模拟转动视角【随机偏移】：水平1px | 垂直0px（已记录2/2次）

📏 视角偏移已记录2次，下次开始精准回正！

🎣 侦测到鱼上钩，倍率0跳过AI判断，强制入户（节省Token）...
✅ 【入户】中鱼强制入户 | 未知鱼 | 未知kg | 渔户1/100
⏳ 入户后等待2.13秒...
⏳ 入户完成，额外等待0.76秒后再侦测ready模板...

🎣 侦测到鱼上钩，倍率0跳过AI判断，强制入户（节省Token）...
✅ 【入户】中鱼强制入户 | 未知鱼 | 未知kg | 渔户2/100
⏳ 入户后等待2.06秒...
⏳ 入户完成，额外等待0.84秒后再侦测ready模板...

🎣 侦测到鱼上钩，倍率0跳过AI判断，强制入户（节省Token）...
✅ 【入户】中鱼强制入户 | 未知鱼 | 未知kg | 渔户3/100
⏳ 入户后等待2.25秒...
⏳ 入户完成，额外等待1.01秒后再侦测ready模板...

========================================
📊 鱼获统计汇总
========================================
🕒 总运行：00:00:42 | 今日累计：00:00:37 | AI过滤倍数：0.0倍
🐟 总上鱼：3条 | 达标入户：0条 | 放生：0条
⭐ 上星鱼：0条 | 💙 上蓝鱼：0条
📈 达标率：0.00% | 放生率：0.00%
========================================
🛑 脚本已停止，所有线程回收完成！

⏰ 加载时间策略配置：
   每日总运行：14.0h（±0.5h随机）| 单次连续：6.0h
   小休息范围：5-30分钟 | 大休息：7.0h（±0.5h随机）
✅ 满户数量已设置为：100（范围1-150）
✅ 达标重量倍数已设置为：0.0倍（标准值×0.0）

📝 加载钓鱼配置：等待鱼饵落水4.00s | 卷线0.100s | 停歇1.000s
✅ 服务器类型：独立端 | 登录按钮：login_button.png
⏳ 重登等待时间：37.0s

✅ RF4钓鱼脚本启动成功！
🤖 模拟人类操作、日志持久化已开启 | 快捷键：Ctrl+P/R暂停/继续，Ctrl+Q结束

🍚 自动进食启动（250-300秒/次，按4键）========================================
👀 模拟转动视角【随机偏移】：水平1px | 垂直0px（已记录1/2次）


⌨️  快捷键：Ctrl+P暂停 | Ctrl+R继续 | Ctrl+Q结束
⏳ 3秒后开始模板侦测...
✅ 开始模板侦测，脚本正常运行！
========================================
⏸️  脚本已暂停
▶️  脚本继续运行

👀 模拟转动视角【随机偏移】：水平1px | 垂直0px（已记录2/2次）

📏 视角偏移已记录2次，下次开始精准回正！

🎣 侦测到钓具准备好，执行抛竿...
✅ 抛竿成功，等待4.00秒...

🎯 视角精准回正：水平-1px | 垂直0px（剩余1次）

🎣 侦测到钓具准备好，执行抛竿...
✅ 抛竿成功，等待4.00秒...

🎯 视角精准回正：水平-1px | 垂直0px（剩余0次）

✅ 视角所有偏移已回正，恢复随机偏移模式！

👀 模拟转动视角【随机偏移】：水平-1px | 垂直0px（已记录1/2次）

🎣 侦测到钓具准备好，执行抛竿...

👀 模拟转动视角【随机偏移】：水平-1px | 垂直0px（已记录2/2次）

📏 视角偏移已记录2次，下次开始精准回正！
✅ 抛竿成功，等待4.00秒...

🎯 视角精准回正：水平1px | 垂直0px（剩余1次）
🐟 侦测到中鱼，快速收线+抬竿...

🎣 侦测到鱼上钩，倍率0跳过AI判断，强制入户（节省Token）...
✅ 【入户】中鱼强制入户 | 未知鱼 | 未知kg | 渔户1/100
⏳ 入户后等待2.56秒...
⏳ 入户完成，额外等待0.88秒后再侦测ready模板...

🎣 侦测到鱼上钩，倍率0跳过AI判断，强制入户（节省Token）...
✅ 【入户】中鱼强制入户 | 未知鱼 | 未知kg | 渔户2/100
⏳ 入户后等待1.72秒...

👀 模拟转动视角【随机偏移】：水平1px | 垂直0px（已记录1/2次）
⏳ 入户完成，额外等待0.67秒后再侦测ready模板...

🎣 侦测到鱼上钩，倍率0跳过AI判断，强制入户（节省Token）...
✅ 【入户】中鱼强制入户 | 未知鱼 | 未知kg | 渔户3/100
⏳ 入户后等待2.33秒...
⏳ 入户完成，额外等待0.92秒后再侦测ready模板...

========================================
📊 鱼获统计汇总
========================================
🕒 总运行：00:03:08 | 今日累计：00:03:08 | AI过滤倍数：0.0倍
🐟 总上鱼：3条 | 达标入户：0条 | 放生：0条
⭐ 上星鱼：0条 | 💙 上蓝鱼：0条
📈 达标率：0.00% | 放生率：0.00%
========================================
🛑 脚本已停止，所有线程回收完成！

⏰ 加载时间策略配置：
   每日总运行：14.0h（±0.5h随机）| 单次连续：6.0h
   小休息范围：5-30分钟 | 大休息：7.0h（±0.5h随机）
✅ 满户数量已设置为：100（范围1-150）
✅ 达标重量倍数已设置为：0.0倍（标准值×0.0）

📝 加载钓鱼配置：等待鱼饵落水4.00s | 卷线0.100s | 停歇1.000s
✅ 服务器类型：独立端 | 登录按钮：login_button.png
⏳ 重登等待时间：37.0s

✅ RF4钓鱼脚本启动成功！
🤖 模拟人类操作、日志持久化已开启 | 快捷键：Ctrl+P/R暂停/继续，Ctrl+Q结束
========================================
🍚 自动进食启动（250-300秒/次，按4键）
👀 模拟转动视角【随机偏移】：水平-1px | 垂直0px（已记录1/2次）


⌨️  快捷键：Ctrl+P暂停 | Ctrl+R继续 | Ctrl+Q结束
⏳ 3秒后开始模板侦测...
✅ 开始模板侦测，脚本正常运行！
========================================

🎣 侦测到钓具准备好，执行抛竿...
✅ 抛竿成功，等待4.00秒...

👀 模拟转动视角【随机偏移】：水平1px | 垂直0px（已记录2/2次）

📏 视角偏移已记录2次，下次开始精准回正！
🐟 侦测到中鱼，快速收线+抬竿...

🎣 侦测到钓具准备好，执行抛竿...
✅ 抛竿成功，等待4.00秒...

🎯 视角精准回正：水平1px | 垂直0px（剩余1次）

🎯 视角精准回正：水平-1px | 垂直0px（剩余0次）

✅ 视角所有偏移已回正，恢复随机偏移模式！

🎣 侦测到钓具准备好，执行抛竿...
✅ 抛竿成功，等待4.00秒...

👀 模拟转动视角【随机偏移】：水平-1px | 垂直0px（已记录1/2次）

👀 模拟转动视角【随机偏移】：水平-1px | 垂直0px（已记录2/2次）

📏 视角偏移已记录2次，下次开始精准回正！

🎣 侦测到钓具准备好，执行抛竿...
✅ 抛竿成功，等待4.00秒...

🎯 视角精准回正：水平1px | 垂直0px（剩余1次）

🎯 视角精准回正：水平1px | 垂直0px（剩余0次）

✅ 视角所有偏移已回正，恢复随机偏移模式！

🎣 侦测到钓具准备好，执行抛竿...
✅ 抛竿成功，等待4.00秒...

👀 模拟转动视角【随机偏移】：水平-1px | 垂直0px（已记录1/2次）

👀 模拟转动视角【随机偏移】：水平-1px | 垂直0px（已记录2/2次）

📏 视角偏移已记录2次，下次开始精准回正！

🎣 侦测到钓具准备好，执行抛竿...
✅ 抛竿成功，等待4.00秒...

🎯 视角精准回正：水平1px | 垂直0px（剩余1次）

🍚 执行自动进食（按4键）

🎯 视角精准回正：水平1px | 垂直0px（剩余0次）

✅ 视角所有偏移已回正，恢复随机偏移模式！

🎣 侦测到钓具准备好，执行抛竿...
✅ 抛竿成功，等待4.00秒...

👀 模拟转动视角【随机偏移】：水平-1px | 垂直0px（已记录1/2次）

👀 模拟转动视角【随机偏移】：水平1px | 垂直0px（已记录2/2次）

📏 视角偏移已记录2次，下次开始精准回正！

🎣 侦测到钓具准备好，执行抛竿...
✅ 抛竿成功，等待4.00秒...

🎯 视角精准回正：水平1px | 垂直0px（剩余1次）

🎯 视角精准回正：水平-1px | 垂直0px（剩余0次）

✅ 视角所有偏移已回正，恢复随机偏移模式！

🎣 侦测到钓具准备好，执行抛竿...
✅ 抛竿成功，等待4.00秒...

👀 模拟转动视角【随机偏移】：水平1px | 垂直0px（已记录1/2次）

👀 模拟转动视角【随机偏移】：水平1px | 垂直0px（已记录2/2次）

📏 视角偏移已记录2次，下次开始精准回正！

🎣 侦测到钓具准备好，执行抛竿...
✅ 抛竿成功，等待4.00秒...

🎯 视角精准回正：水平-1px | 垂直0px（剩余1次）
🐟 侦测到中鱼，快速收线+抬竿...

🎣 侦测到鱼上钩，倍率0跳过AI判断，强制入户（节省Token）...
✅ 【入户】中鱼强制入户 | 未知鱼 | 未知kg | 渔户1/100
⏳ 入户后等待1.79秒...
⏳ 入户完成，额外等待0.55秒后再侦测ready模板...

🎣 侦测到鱼上钩，倍率0跳过AI判断，强制入户（节省Token）...
✅ 【入户】中鱼强制入户 | 未知鱼 | 未知kg | 渔户2/100
⏳ 入户后等待2.21秒...

👀 模拟转动视角【随机偏移】：水平1px | 垂直0px（已记录1/2次）
⏳ 入户完成，额外等待0.74秒后再侦测ready模板...

🎣 侦测到鱼上钩，倍率0跳过AI判断，强制入户（节省Token）...
✅ 【入户】中鱼强制入户 | 未知鱼 | 未知kg | 渔户3/100
⏳ 入户后等待1.63秒...
⏳ 入户完成，额外等待0.77秒后再侦测ready模板...

🎣 侦测到鱼上钩，倍率0跳过AI判断，强制入户（节省Token）...
✅ 【入户】中鱼强制入户 | 未知鱼 | 未知kg | 渔户4/100
⏳ 入户后等待1.68秒...
⏳ 入户完成，额外等待0.67秒后再侦测ready模板...

🎣 侦测到钓具准备好，执行抛竿...
✅ 抛竿成功，等待4.00秒...

👀 模拟转动视角【随机偏移】：水平-1px | 垂直0px（已记录1/2次）
🐟 侦测到中鱼，快速收线+抬竿...

🍚 执行自动进食（按4键）

🎣 侦测到鱼上钩，倍率0跳过AI判断，强制入户（节省Token）...
✅ 【入户】中鱼强制入户 | 未知鱼 | 未知kg | 渔户5/100

👀 模拟转动视角【随机偏移】：水平1px | 垂直0px（已记录2/2次）

📏 视角偏移已记录2次，下次开始精准回正！
⏳ 入户后等待2.09秒...
⏳ 入户完成，额外等待0.78秒后再侦测ready模板...

🎣 侦测到鱼上钩，倍率0跳过AI判断，强制入户（节省Token）...
✅ 【入户】中鱼强制入户 | 未知鱼 | 未知kg | 渔户6/100
⏳ 入户后等待2.48秒...
⏳ 入户完成，额外等待0.53秒后再侦测ready模板...

🎣 侦测到鱼上钩，倍率0跳过AI判断，强制入户（节省Token）...
✅ 【入户】中鱼强制入户 | 未知鱼 | 未知kg | 渔户7/100
⏳ 入户后等待1.67秒...
⏳ 入户完成，额外等待0.75秒后再侦测ready模板...

🎣 侦测到鱼上钩，倍率0跳过AI判断，强制入户（节省Token）...
✅ 【入户】中鱼强制入户 | 未知鱼 | 未知kg | 渔户8/100
⏳ 入户后等待1.96秒...
⏳ 入户完成，额外等待0.59秒后再侦测ready模板...

🎣 侦测到鱼上钩，倍率0跳过AI判断，强制入户（节省Token）...
✅ 【入户】中鱼强制入户 | 未知鱼 | 未知kg | 渔户9/100
⏳ 入户后等待2.46秒...
⏳ 入户完成，额外等待0.67秒后再侦测ready模板...

🎣 侦测到鱼上钩，倍率0跳过AI判断，强制入户（节省Token）...
✅ 【入户】中鱼强制入户 | 未知鱼 | 未知kg | 渔户10/100
⏳ 入户后等待2.37秒...
⏳ 入户完成，额外等待0.78秒后再侦测ready模板...

🎣 侦测到钓具准备好，执行抛竿...

👀 模拟转动视角【随机偏移】：水平1px | 垂直0px（已记录1/2次）
✅ 抛竿成功，等待4.00秒...

========================================
📊 鱼获统计汇总
========================================
🕒 总运行：00:09:43 | 今日累计：00:09:43 | AI过滤倍数：0.0倍
🐟 总上鱼：10条 | 达标入户：0条 | 放生：0条
⭐ 上星鱼：0条 | 💙 上蓝鱼：0条
📈 达标率：0.00% | 放生率：0.00%
========================================
🛑 脚本已停止，所有线程回收完成！

⏰ 加载时间策略配置：
   每日总运行：14.0h（±0.5h随机）| 单次连续：6.0h
   小休息范围：5-30分钟 | 大休息：7.0h（±0.5h随机）
✅ 满户数量已设置为：100（范围1-150）
✅ 达标重量倍数已设置为：0.0倍（标准值×0.0）

📝 加载钓鱼配置：等待鱼饵落水4.00s | 卷线0.100s | 停歇1.000s
✅ 服务器类型：独立端 | 登录按钮：login_button.png
⏳ 重登等待时间：37.0s

✅ RF4钓鱼脚本启动成功！
🤖 模拟人类操作、日志持久化已开启 | 快捷键：Ctrl+P/R暂停/继续，Ctrl+Q结束

🍚 自动进食启动（250-300秒/次，按4键）========================================
👀 模拟转动视角【随机偏移】：水平-1px | 垂直0px（已记录1/2次）


⌨️  快捷键：Ctrl+P暂停 | Ctrl+R继续 | Ctrl+Q结束
⏳ 3秒后开始模板侦测...
✅ 开始模板侦测，脚本正常运行！
========================================

🎣 侦测到钓具准备好，执行抛竿...
✅ 抛竿成功，等待4.00秒...
🐟 侦测到中鱼，快速收线+抬竿...

👀 模拟转动视角【随机偏移】：水平-1px | 垂直0px（已记录2/2次）

📏 视角偏移已记录2次，下次开始精准回正！

🎣 侦测到鱼上钩，倍率0跳过AI判断，强制入户（节省Token）...
✅ 【入户】中鱼强制入户 | 未知鱼 | 未知kg | 渔户1/100
⏳ 入户后等待1.82秒...
⏳ 入户完成，额外等待0.99秒后再侦测ready模板...

🎣 侦测到鱼上钩，倍率0跳过AI判断，强制入户（节省Token）...
✅ 【入户】中鱼强制入户 | 未知鱼 | 未知kg | 渔户2/100
⏳ 入户后等待1.80秒...
⏳ 入户完成，额外等待0.60秒后再侦测ready模板...

🎣 侦测到鱼上钩，倍率0跳过AI判断，强制入户（节省Token）...
✅ 【入户】中鱼强制入户 | 未知鱼 | 未知kg | 渔户3/100
⏳ 入户后等待2.09秒...
⏳ 入户完成，额外等待0.45秒后再侦测ready模板...

🎣 侦测到鱼上钩，倍率0跳过AI判断，强制入户（节省Token）...
✅ 【入户】中鱼强制入户 | 未知鱼 | 未知kg | 渔户4/100
⏳ 入户后等待2.04秒...

👀 模拟转动视角【随机偏移】：水平1px | 垂直0px（已记录1/2次）
⏳ 入户完成，额外等待0.95秒后再侦测ready模板...

🎣 侦测到鱼上钩，倍率0跳过AI判断，强制入户（节省Token）...
✅ 【入户】中鱼强制入户 | 未知鱼 | 未知kg | 渔户5/100
⏳ 入户后等待1.54秒...
⏳ 入户完成，额外等待0.56秒后再侦测ready模板...

🎣 侦测到鱼上钩，倍率0跳过AI判断，强制入户（节省Token）...
✅ 【入户】中鱼强制入户 | 未知鱼 | 未知kg | 渔户6/100
⏳ 入户后等待1.82秒...
⏳ 入户完成，额外等待0.92秒后再侦测ready模板...

🎣 侦测到钓具准备好，执行抛竿...
✅ 抛竿成功，等待4.00秒...

👀 模拟转动视角【随机偏移】：水平1px | 垂直0px（已记录1/2次）

⏰ 加载时间策略配置：
   每日总运行：14.0h（±0.5h随机）| 单次连续：6.0h
   小休息范围：5-30分钟 | 大休息：7.0h（±0.5h随机）
✅ 满户数量已设置为：100（范围1-150）
✅ 达标重量倍数已设置为：0.0倍（标准值×0.0）

📝 加载钓鱼配置：等待鱼饵落水4.00s | 卷线0.100s | 停歇1.000s
✅ 服务器类型：独立端 | 登录按钮：login_button.png
⏳ 重登等待时间：37.0s

✅ RF4钓鱼脚本启动成功！
🤖 模拟人类操作、日志持久化已开启 | 快捷键：Ctrl+P/R暂停/继续，Ctrl+Q结束

🍚 自动进食启动（250-300秒/次，按4键）
👀 模拟转动视角【随机偏移】：水平1px | 垂直0px（已记录1/2次）========================================


⌨️  快捷键：Ctrl+P暂停 | Ctrl+R继续 | Ctrl+Q结束
⏳ 3秒后开始模板侦测...
✅ 开始模板侦测，脚本正常运行！
========================================

👀 模拟转动视角【随机偏移】：水平-1px | 垂直0px（已记录2/2次）

📏 视角偏移已记录2次，下次开始精准回正！

🎯 视角精准回正：水平-1px | 垂直0px（剩余1次）

🎣 侦测到钓具准备好，执行抛竿...
✅ 抛竿成功，等待4.00秒...

🎯 视角精准回正：水平1px | 垂直0px（剩余0次）

✅ 视角所有偏移已回正，恢复随机偏移模式！
🐟 侦测到中鱼，快速收线+抬竿...

🎣 侦测到鱼上钩，倍率0跳过AI判断，强制入户（节省Token）...
✅ 【入户】中鱼强制入户 | 未知鱼 | 未知kg | 渔户1/100
⏳ 入户后等待1.70秒...
⏳ 入户完成，额外等待0.70秒后再侦测ready模板...

👀 模拟转动视角【随机偏移】：水平-1px | 垂直0px（已记录1/2次）

🎣 侦测到鱼上钩，倍率0跳过AI判断，强制入户（节省Token）...
✅ 【入户】中鱼强制入户 | 未知鱼 | 未知kg | 渔户2/100
⏳ 入户后等待1.86秒...
⏳ 入户完成，额外等待0.72秒后再侦测ready模板...

🎣 侦测到鱼上钩，倍率0跳过AI判断，强制入户（节省Token）...
✅ 【入户】中鱼强制入户 | 未知鱼 | 未知kg | 渔户3/100
⏳ 入户后等待1.59秒...
⏳ 入户完成，额外等待0.87秒后再侦测ready模板...

🎣 侦测到鱼上钩，倍率0跳过AI判断，强制入户（节省Token）...
✅ 【入户】中鱼强制入户 | 未知鱼 | 未知kg | 渔户4/100
⏳ 入户后等待1.76秒...
⏳ 入户完成，额外等待0.75秒后再侦测ready模板...

⏰ 加载时间策略配置：
   每日总运行：14.0h（±0.5h随机）| 单次连续：6.0h
   小休息范围：5-30分钟 | 大休息：7.0h（±0.5h随机）
✅ 满户数量已设置为：100（范围1-150）
✅ 达标重量倍数已设置为：0.0倍（标准值×0.0）

📝 加载钓鱼配置：等待鱼饵落水4.00s | 卷线0.100s | 停歇1.000s
✅ 服务器类型：独立端 | 登录按钮：login_button.png
⏳ 重登等待时间：37.0s

✅ RF4钓鱼脚本启动成功！
🤖 模拟人类操作、日志持久化已开启 | 快捷键：Ctrl+P/R暂停/继续，Ctrl+Q结束
========================================
🍚 自动进食启动（250-300秒/次，按4键）
👀 模拟转动视角【随机偏移】：水平1px | 垂直0px（已记录1/2次）


⌨️  快捷键：Ctrl+P暂停 | Ctrl+R继续 | Ctrl+Q结束
⏳ 3秒后开始模板侦测...
✅ 开始模板侦测，脚本正常运行！
========================================

👀 模拟转动视角【随机偏移】：水平-1px | 垂直0px（已记录2/2次）

📏 视角偏移已记录2次，下次开始精准回正！
🐟 侦测到中鱼，快速收线+抬竿...

🎣 侦测到钓具准备好，执行抛竿...
✅ 抛竿成功，等待4.00秒...

🎯 视角精准回正：水平-1px | 垂直0px（剩余1次）
🐟 侦测到中鱼，快速收线+抬竿...

🎣 侦测到鱼上钩，倍率0跳过AI判断，强制入户（节省Token）...
✅ 【入户】中鱼强制入户 | 未知鱼 | 未知kg | 渔户1/100
获取窗口焦点
⏳ 入户后等待1.62秒...
⏳ 入户完成，额外等待0.94秒后再侦测ready模板...

🎣 侦测到鱼上钩，倍率0跳过AI判断，强制入户（节省Token）...
✅ 【入户】中鱼强制入户 | 未知鱼 | 未知kg | 渔户2/100
获取窗口焦点
⏳ 入户后等待1.85秒...

👀 模拟转动视角【随机偏移】：水平1px | 垂直0px（已记录1/2次）
⏳ 入户完成，额外等待1.06秒后再侦测ready模板...

🎣 侦测到鱼上钩，倍率0跳过AI判断，强制入户（节省Token）...
✅ 【入户】中鱼强制入户 | 未知鱼 | 未知kg | 渔户3/100
获取窗口焦点
⏳ 入户后等待1.81秒...
⏳ 入户完成，额外等待0.69秒后再侦测ready模板...

🎣 侦测到鱼上钩，倍率0跳过AI判断，强制入户（节省Token）...
✅ 【入户】中鱼强制入户 | 未知鱼 | 未知kg | 渔户4/100
获取窗口焦点
⏳ 入户后等待1.82秒...
⏳ 入户完成，额外等待0.80秒后再侦测ready模板...

🎣 侦测到鱼上钩，倍率0跳过AI判断，强制入户（节省Token）...
✅ 【入户】中鱼强制入户 | 未知鱼 | 未知kg | 渔户5/100
获取窗口焦点
⏳ 入户后等待1.79秒...
⏳ 入户完成，额外等待1.05秒后再侦测ready模板...

🎣 侦测到钓具准备好，执行抛竿...
✅ 抛竿成功，等待4.00秒...

⏰ 加载时间策略配置：
   每日总运行：14.0h（±0.5h随机）| 单次连续：6.0h
   小休息范围：5-30分钟 | 大休息：7.0h（±0.5h随机）
✅ 满户数量已设置为：100（范围1-150）
✅ 达标重量倍数已设置为：0.0倍（标准值×0.0）

📝 加载钓鱼配置：等待鱼饵落水4.00s | 卷线0.100s | 停歇1.000s
✅ 服务器类型：独立端 | 登录按钮：login_button.png
⏳ 重登等待时间：37.0s

✅ RF4钓鱼脚本启动成功！
🤖 模拟人类操作、日志持久化已开启 | 快捷键：Ctrl+P/R暂停/继续，Ctrl+Q结束

🍚 自动进食启动（250-300秒/次，按4键）
👀 模拟转动视角【随机偏移】：水平1px | 垂直0px（已记录1/2次）========================================


⌨️  快捷键：Ctrl+P暂停 | Ctrl+R继续 | Ctrl+Q结束
⏳ 3秒后开始模板侦测...
✅ 开始模板侦测，脚本正常运行！
========================================

🎣 侦测到钓具准备好，执行抛竿...
✅ 抛竿成功，等待4.00秒...
🐟 侦测到中鱼，快速收线+抬竿...

👀 模拟转动视角【随机偏移】：水平-1px | 垂直0px（已记录2/2次）

📏 视角偏移已记录2次，下次开始精准回正！

🎣 侦测到鱼上钩，倍率0跳过AI判断，强制入户（节省Token）...
✅ 【入户】中鱼强制入户 | 未知鱼 | 未知kg | 渔户1/100
⏳ 入户后等待1.98秒...
⏳ 入户完成，额外等待0.69秒后再侦测ready模板...

🎣 侦测到钓具准备好，执行抛竿...
✅ 抛竿成功，等待4.00秒...

========================================
📊 鱼获统计汇总
========================================
🕒 总运行：00:00:40 | 今日累计：00:00:36 | AI过滤倍数：0.0倍
🐟 总上鱼：1条 | 达标入户：0条 | 放生：0条
⭐ 上星鱼：0条 | 💙 上蓝鱼：0条
📈 达标率：0.00% | 放生率：0.00%
========================================
🛑 脚本已停止，所有线程回收完成！
